python started
no new commits
python started
no new commits
python started
no new commits
python started
no new commits
python started
no new commits
python started
no new commits
python started
no new commits
python started
no new commits
python started
no new commits
python started
no new commits
python started
no new commits
python started
no new commits
python started
no new commits
python started
no new commits
python started
no new commits
python started
no new commits
python started
no new commits
python started
new commit found
running deployment.sh
new commit has been deployed
python started
no new commits
python started
no new commits
python started
no new commits
python started
no new commits
python started
no new commits
running deployment.sh
python started
no new commits
python started
no new commits
python started
no new commits
python started
new commit found
running deployment.sh
new commit has been deployed
python started
no new commits
python started
no new commits
python started
no new commits
python started
no new commits
python started
no new commits
python started
no new commits
python started
no new commits
python started
no new commits
python started
no new commits
python started
no new commits
python started
no new commits
python started
no new commits
python started
no new commits
python started
no new commits
python started
no new commits
python started
no new commits
python started
no new commits
python started
no new commits
python started
no new commits
python started
no new commits
python started
no new commits
python started
no new commits
python started
no new commits
python started
no new commits
python started
no new commits
python started
no new commits
python started
no new commits
python started
no new commits
